<?xml version="1.0" encoding="UTF-8"?>
<!-- Generated by org.testng.reporters.JUnitReportReporter -->
<testsuite hostname="hi-PC" name="com.acttime.studenttest.DependencyNgTest" tests="3" failures="0" timestamp="25 Oct 2018 15:58:45 GMT" time="0.016" errors="0">
  <testcase name="deleteCustomerTest" time="0.002" classname="com.acttime.studenttest.DependencyNgTest"/>
  <testcase name="createCustomerTest" time="0.013" classname="com.acttime.studenttest.DependencyNgTest"/>
  <testcase name="modifyCustomerTest" time="0.001" classname="com.acttime.studenttest.DependencyNgTest"/>
</testsuite> <!-- com.acttime.studenttest.DependencyNgTest -->
