<?xml version="1.0" encoding="UTF-8"?>
<!-- Generated by org.testng.reporters.JUnitReportReporter -->
<testsuite hostname="hi-PC" name="com.acttime.studenttest.PriorityNgSampleTest" tests="3" failures="0" timestamp="24 Oct 2018 08:09:16 GMT" time="0.035" errors="0">
  <testcase name="createCustomerTest" time="0.025" classname="com.acttime.studenttest.PriorityNgSampleTest"/>
  <testcase name="modifyCustomerTest" time="0.008" classname="com.acttime.studenttest.PriorityNgSampleTest"/>
  <testcase name="deleteCustomerTest" time="0.002" classname="com.acttime.studenttest.PriorityNgSampleTest"/>
</testsuite> <!-- com.acttime.studenttest.PriorityNgSampleTest -->
