<?xml version="1.0" encoding="UTF-8"?>
<!-- Generated by org.testng.reporters.JUnitReportReporter -->
<testsuite hostname="hi-PC" name="com.acttime.studenttest.BcAcTest" tests="3" failures="0" timestamp="30 Oct 2018 13:24:00 GMT" time="0.012" errors="0">
  <testcase name="modifyCustomerTest" time="0.002" classname="com.acttime.studenttest.BcAcTest"/>
  <testcase name="deleteCustomerTest" time="0.002" classname="com.acttime.studenttest.BcAcTest"/>
  <testcase name="createCustomerTest" time="0.008" classname="com.acttime.studenttest.BcAcTest"/>
</testsuite> <!-- com.acttime.studenttest.BcAcTest -->
