<?xml version="1.0" encoding="UTF-8"?>
<!-- Generated by org.testng.reporters.JUnitReportReporter -->
<testsuite hostname="hi-PC" name="com.acttime.studenttest.SampleTest" tests="1" failures="0" timestamp="25 Oct 2018 16:26:42 GMT" time="0.013" errors="0">
  <testcase name="createCustomerTest" time="0.013" classname="com.acttime.studenttest.SampleTest"/>
</testsuite> <!-- com.acttime.studenttest.SampleTest -->
