<?xml version="1.0" encoding="UTF-8"?>
<!-- Generated by org.testng.reporters.JUnitReportReporter -->
<testsuite hostname="hi-PC" name="com.acttime.studenttest.MultipleExecuNgTest" tests="30" failures="0" timestamp="25 Oct 2018 14:49:46 GMT" time="0.067" errors="0">
  <testcase name="createCustomerTest" time="0.013" classname="com.acttime.studenttest.MultipleExecuNgTest"/>
  <testcase name="deleteCustomerTest" time="0.001" classname="com.acttime.studenttest.MultipleExecuNgTest"/>
  <testcase name="deleteCustomerTest" time="0.002" classname="com.acttime.studenttest.MultipleExecuNgTest"/>
  <testcase name="modifyCustomerTest" time="0.001" classname="com.acttime.studenttest.MultipleExecuNgTest"/>
  <testcase name="createCustomerTest" time="0.002" classname="com.acttime.studenttest.MultipleExecuNgTest"/>
  <testcase name="createCustomerTest" time="0.002" classname="com.acttime.studenttest.MultipleExecuNgTest"/>
  <testcase name="deleteCustomerTest" time="0.002" classname="com.acttime.studenttest.MultipleExecuNgTest"/>
  <testcase name="createCustomerTest" time="0.001" classname="com.acttime.studenttest.MultipleExecuNgTest"/>
  <testcase name="modifyCustomerTest" time="0.008" classname="com.acttime.studenttest.MultipleExecuNgTest"/>
  <testcase name="createCustomerTest" time="0.003" classname="com.acttime.studenttest.MultipleExecuNgTest"/>
  <testcase name="createCustomerTest" time="0.002" classname="com.acttime.studenttest.MultipleExecuNgTest"/>
  <testcase name="deleteCustomerTest" time="0.002" classname="com.acttime.studenttest.MultipleExecuNgTest"/>
  <testcase name="deleteCustomerTest" time="0.001" classname="com.acttime.studenttest.MultipleExecuNgTest"/>
  <testcase name="modifyCustomerTest" time="0.001" classname="com.acttime.studenttest.MultipleExecuNgTest"/>
  <testcase name="modifyCustomerTest" time="0.001" classname="com.acttime.studenttest.MultipleExecuNgTest"/>
  <testcase name="modifyCustomerTest" time="0.001" classname="com.acttime.studenttest.MultipleExecuNgTest"/>
  <testcase name="createCustomerTest" time="0.002" classname="com.acttime.studenttest.MultipleExecuNgTest"/>
  <testcase name="deleteCustomerTest" time="0.002" classname="com.acttime.studenttest.MultipleExecuNgTest"/>
  <testcase name="modifyCustomerTest" time="0.001" classname="com.acttime.studenttest.MultipleExecuNgTest"/>
  <testcase name="modifyCustomerTest" time="0.001" classname="com.acttime.studenttest.MultipleExecuNgTest"/>
  <testcase name="createCustomerTest" time="0.001" classname="com.acttime.studenttest.MultipleExecuNgTest"/>
  <testcase name="modifyCustomerTest" time="0.002" classname="com.acttime.studenttest.MultipleExecuNgTest"/>
  <testcase name="deleteCustomerTest" time="0.002" classname="com.acttime.studenttest.MultipleExecuNgTest"/>
  <testcase name="createCustomerTest" time="0.002" classname="com.acttime.studenttest.MultipleExecuNgTest"/>
  <testcase name="deleteCustomerTest" time="0.002" classname="com.acttime.studenttest.MultipleExecuNgTest"/>
  <testcase name="deleteCustomerTest" time="0.002" classname="com.acttime.studenttest.MultipleExecuNgTest"/>
  <testcase name="modifyCustomerTest" time="0.001" classname="com.acttime.studenttest.MultipleExecuNgTest"/>
  <testcase name="createCustomerTest" time="0.002" classname="com.acttime.studenttest.MultipleExecuNgTest"/>
  <testcase name="deleteCustomerTest" time="0.002" classname="com.acttime.studenttest.MultipleExecuNgTest"/>
  <testcase name="modifyCustomerTest" time="0.002" classname="com.acttime.studenttest.MultipleExecuNgTest"/>
</testsuite> <!-- com.acttime.studenttest.MultipleExecuNgTest -->
