<?xml version="1.0" encoding="UTF-8"?>
<!-- Generated by org.testng.reporters.JUnitReportReporter -->
<testsuite hostname="hi-PC" name="com.acttime.studenttest.BmAmTest" tests="3" failures="0" timestamp="25 Oct 2018 16:43:07 GMT" time="0.017" errors="0">
  <testcase name="modifyCustomerTest" time="0.002" classname="com.acttime.studenttest.BmAmTest"/>
  <testcase name="deleteCustomerTest" time="0.002" classname="com.acttime.studenttest.BmAmTest"/>
  <testcase name="createCustomerTest" time="0.013" classname="com.acttime.studenttest.BmAmTest"/>
</testsuite> <!-- com.acttime.studenttest.BmAmTest -->
